2021-06-03 19:19:43.617  INFO 30473 --- [main] c.h.a.c.CustomScannersServiceApplication : Starting CustomScannersServiceApplication on polilinux with PID 30473 (/home/administrador/.vscode/extensions/hcltechnologies.hclappscancodesweep-1.1.4/lib/custom-scanners-service-1.0.11.jar started by administrador in /home/administrador/laboratorios/jogatina-frontend)
2021-06-03 19:19:43.635  INFO 30473 --- [main] c.h.a.c.CustomScannersServiceApplication : No active profile set, falling back to default profiles: default
2021-06-03 19:19:44.262  INFO 30546 --- [main] c.h.a.c.CustomScannersServiceApplication : Starting CustomScannersServiceApplication on polilinux with PID 30546 (/home/administrador/.vscode/extensions/hcltechnologies.hclappscancodesweep-1.1.4/lib/custom-scanners-service-1.0.11.jar started by administrador in /home/administrador/laboratorios/jogatina-frontend)
2021-06-03 19:19:44.266  INFO 30546 --- [main] c.h.a.c.CustomScannersServiceApplication : No active profile set, falling back to default profiles: default
2021-06-03 19:19:46.657  INFO 30473 --- [main] o.s.b.w.embedded.tomcat.TomcatWebServer  : Tomcat initialized with port(s): 9221 (http)
2021-06-03 19:19:46.673  INFO 30473 --- [main] o.apache.catalina.core.StandardService   : Starting service [Tomcat]
2021-06-03 19:19:46.674  INFO 30473 --- [main] org.apache.catalina.core.StandardEngine  : Starting Servlet engine: [Apache Tomcat/9.0.29]
2021-06-03 19:19:46.781  INFO 30473 --- [main] o.a.c.c.C.[Tomcat].[localhost].[/]       : Initializing Spring embedded WebApplicationContext
2021-06-03 19:19:46.781 DEBUG 30473 --- [main] o.s.web.context.ContextLoader            : Published root WebApplicationContext as ServletContext attribute with name [org.springframework.web.context.WebApplicationContext.ROOT]
2021-06-03 19:19:46.781  INFO 30473 --- [main] o.s.web.context.ContextLoader            : Root WebApplicationContext: initialization completed in 2875 ms
2021-06-03 19:19:46.957  INFO 30546 --- [main] o.s.b.w.embedded.tomcat.TomcatWebServer  : Tomcat initialized with port(s): 9221 (http)
2021-06-03 19:19:46.977  INFO 30546 --- [main] o.apache.catalina.core.StandardService   : Starting service [Tomcat]
2021-06-03 19:19:46.978  INFO 30546 --- [main] org.apache.catalina.core.StandardEngine  : Starting Servlet engine: [Apache Tomcat/9.0.29]
2021-06-03 19:19:47.058 DEBUG 30473 --- [main] o.s.b.w.s.ServletContextInitializerBeans : Mapping filters: filterRegistrationBean urls=[/*] order=-2147483647, characterEncodingFilter urls=[/*] order=-2147483648, formContentFilter urls=[/*] order=-9900, requestContextFilter urls=[/*] order=-105
2021-06-03 19:19:47.059 DEBUG 30473 --- [main] o.s.b.w.s.ServletContextInitializerBeans : Mapping servlets: dispatcherServlet urls=[/]
2021-06-03 19:19:47.109  INFO 30546 --- [main] o.a.c.c.C.[Tomcat].[localhost].[/]       : Initializing Spring embedded WebApplicationContext
2021-06-03 19:19:47.112 DEBUG 30546 --- [main] o.s.web.context.ContextLoader            : Published root WebApplicationContext as ServletContext attribute with name [org.springframework.web.context.WebApplicationContext.ROOT]
2021-06-03 19:19:47.114  INFO 30546 --- [main] o.s.web.context.ContextLoader            : Root WebApplicationContext: initialization completed in 2659 ms
2021-06-03 19:19:47.389 DEBUG 30546 --- [main] o.s.b.w.s.ServletContextInitializerBeans : Mapping filters: filterRegistrationBean urls=[/*] order=-2147483647, characterEncodingFilter urls=[/*] order=-2147483648, formContentFilter urls=[/*] order=-9900, requestContextFilter urls=[/*] order=-105
2021-06-03 19:19:47.389 DEBUG 30546 --- [main] o.s.b.w.s.ServletContextInitializerBeans : Mapping servlets: dispatcherServlet urls=[/]
2021-06-03 19:19:48.028 DEBUG 30473 --- [main] s.w.s.m.m.a.RequestMappingHandlerMapping : 19 mappings in 'requestMappingHandlerMapping'
2021-06-03 19:19:48.109  INFO 30473 --- [main] o.s.b.a.e.web.EndpointLinksResolver      : Exposing 2 endpoint(s) beneath base path '/actuator'
2021-06-03 19:19:48.258  INFO 30473 --- [main] pertySourcedRequestMappingHandlerMapping : Mapped URL path [/v2/api-docs] onto method [springfox.documentation.swagger2.web.Swagger2Controller#getDocumentation(String, HttpServletRequest)]
2021-06-03 19:19:48.447  INFO 30473 --- [main] o.s.s.concurrent.ThreadPoolTaskExecutor  : Initializing ExecutorService 'applicationTaskExecutor'
2021-06-03 19:19:48.498 DEBUG 30473 --- [main] s.w.s.m.m.a.RequestMappingHandlerAdapter : ControllerAdvice beans: 0 @ModelAttribute, 0 @InitBinder, 1 RequestBodyAdvice, 1 ResponseBodyAdvice
2021-06-03 19:19:48.577 DEBUG 30546 --- [main] s.w.s.m.m.a.RequestMappingHandlerMapping : 19 mappings in 'requestMappingHandlerMapping'
2021-06-03 19:19:48.662  INFO 30546 --- [main] o.s.b.a.e.web.EndpointLinksResolver      : Exposing 2 endpoint(s) beneath base path '/actuator'
2021-06-03 19:19:48.696 DEBUG 30473 --- [main] o.s.w.s.handler.SimpleUrlHandlerMapping  : Patterns [/webjars/**, /**] in 'resourceHandlerMapping'
2021-06-03 19:19:48.717 DEBUG 30473 --- [main] .m.m.a.ExceptionHandlerExceptionResolver : ControllerAdvice beans: 1 @ExceptionHandler, 1 ResponseBodyAdvice
2021-06-03 19:19:48.845  INFO 30546 --- [main] pertySourcedRequestMappingHandlerMapping : Mapped URL path [/v2/api-docs] onto method [springfox.documentation.swagger2.web.Swagger2Controller#getDocumentation(String, HttpServletRequest)]
2021-06-03 19:19:48.849  INFO 30473 --- [main] d.s.w.p.DocumentationPluginsBootstrapper : Context refreshed
2021-06-03 19:19:48.905  INFO 30473 --- [main] d.s.w.p.DocumentationPluginsBootstrapper : Found 1 custom documentation plugin(s)
2021-06-03 19:19:48.985  INFO 30473 --- [main] s.d.s.w.s.ApiListingReferenceScanner     : Scanning for api listing references
2021-06-03 19:19:49.062  INFO 30546 --- [main] o.s.s.concurrent.ThreadPoolTaskExecutor  : Initializing ExecutorService 'applicationTaskExecutor'
2021-06-03 19:19:49.100 DEBUG 30546 --- [main] s.w.s.m.m.a.RequestMappingHandlerAdapter : ControllerAdvice beans: 0 @ModelAttribute, 0 @InitBinder, 1 RequestBodyAdvice, 1 ResponseBodyAdvice
2021-06-03 19:19:49.292 DEBUG 30546 --- [main] o.s.w.s.handler.SimpleUrlHandlerMapping  : Patterns [/webjars/**, /**] in 'resourceHandlerMapping'
2021-06-03 19:19:49.314 DEBUG 30546 --- [main] .m.m.a.ExceptionHandlerExceptionResolver : ControllerAdvice beans: 1 @ExceptionHandler, 1 ResponseBodyAdvice
2021-06-03 19:19:49.447  INFO 30546 --- [main] d.s.w.p.DocumentationPluginsBootstrapper : Context refreshed
2021-06-03 19:19:49.504  INFO 30546 --- [main] d.s.w.p.DocumentationPluginsBootstrapper : Found 1 custom documentation plugin(s)
2021-06-03 19:19:49.585  INFO 30546 --- [main] s.d.s.w.s.ApiListingReferenceScanner     : Scanning for api listing references
2021-06-03 19:19:49.686  INFO 30473 --- [main] o.s.b.w.embedded.tomcat.TomcatWebServer  : Tomcat started on port(s): 9221 (http) with context path ''
2021-06-03 19:19:49.693  INFO 30473 --- [main] c.h.a.c.CustomScannersServiceApplication : Started CustomScannersServiceApplication in 8.437 seconds (JVM running for 9.73)
2021-06-03 19:19:49.916  INFO 30473 --- [http-nio-9221-exec-1] o.a.c.c.C.[Tomcat].[localhost].[/]       : Initializing Spring DispatcherServlet 'dispatcherServlet'
2021-06-03 19:19:49.917  INFO 30473 --- [http-nio-9221-exec-1] o.s.web.servlet.DispatcherServlet        : Initializing Servlet 'dispatcherServlet'
2021-06-03 19:19:49.919 DEBUG 30473 --- [http-nio-9221-exec-1] o.s.web.servlet.DispatcherServlet        : Detected StandardServletMultipartResolver
2021-06-03 19:19:49.938 DEBUG 30473 --- [http-nio-9221-exec-1] o.s.web.servlet.DispatcherServlet        : enableLoggingRequestDetails='false': request parameters and headers will be masked to prevent unsafe logging of potentially sensitive data
2021-06-03 19:19:49.939  INFO 30473 --- [http-nio-9221-exec-1] o.s.web.servlet.DispatcherServlet        : Completed initialization in 20 ms
2021-06-03 19:19:49.960 DEBUG 30473 --- [http-nio-9221-exec-1] o.s.web.servlet.DispatcherServlet        : GET "/v1/scanRules", parameters={}
2021-06-03 19:19:49.973 DEBUG 30473 --- [http-nio-9221-exec-1] s.w.s.m.m.a.RequestMappingHandlerMapping : Mapped to com.hcl.appscan.customscannersservice.controller.CustomScannersController#getScanRules(String[])
2021-06-03 19:19:50.026 DEBUG 30473 --- [http-nio-9221-exec-1] o.s.w.s.m.m.a.HttpEntityMethodProcessor  : Using 'application/json', given [application/json] and supported [application/json]
2021-06-03 19:19:50.047 DEBUG 30473 --- [http-nio-9221-exec-1] o.s.w.s.m.m.a.HttpEntityMethodProcessor  : Writing [{Golang={com.ouncelabs.languagelite.golang.rules.WeakCryptoGolang=CustomScannersServiceScanRule{rule (truncated)...]
2021-06-03 19:19:50.159 DEBUG 30473 --- [http-nio-9221-exec-1] o.s.web.servlet.DispatcherServlet        : Completed 200 OK
2021-06-03 19:19:50.316  INFO 30546 --- [main] o.apache.catalina.core.StandardService   : Stopping service [Tomcat]
2021-06-03 19:19:50.328  INFO 30546 --- [main] ConditionEvaluationReportLoggingListener : 

Error starting ApplicationContext. To display the conditions report re-run your application with 'debug' enabled.
2021-06-03 19:19:50.331 ERROR 30546 --- [main] o.s.b.d.LoggingFailureAnalysisReporter   : 

***************************
APPLICATION FAILED TO START
***************************

Description:

Web server failed to start. Port 9221 was already in use.

Action:

Identify and stop the process that's listening on port 9221 or configure this application to listen on another port.

2021-06-03 19:19:50.335  INFO 30546 --- [main] o.s.s.concurrent.ThreadPoolTaskExecutor  : Shutting down ExecutorService 'applicationTaskExecutor'
2021-06-03 19:37:22.591  INFO 31073 --- [main] c.h.a.c.CustomScannersServiceApplication : Starting CustomScannersServiceApplication on polilinux with PID 31073 (/home/administrador/.vscode/extensions/hcltechnologies.hclappscancodesweep-1.1.4/lib/custom-scanners-service-1.0.11.jar started by administrador in /home/administrador/laboratorios/github_projects/starwarsapi)
2021-06-03 19:37:22.613  INFO 31073 --- [main] c.h.a.c.CustomScannersServiceApplication : No active profile set, falling back to default profiles: default
2021-06-03 19:37:22.998  INFO 31106 --- [main] c.h.a.c.CustomScannersServiceApplication : Starting CustomScannersServiceApplication on polilinux with PID 31106 (/home/administrador/.vscode/extensions/hcltechnologies.hclappscancodesweep-1.1.4/lib/custom-scanners-service-1.0.11.jar started by administrador in /home/administrador/laboratorios/github_projects/starwarsapi)
2021-06-03 19:37:23.019  INFO 31106 --- [main] c.h.a.c.CustomScannersServiceApplication : No active profile set, falling back to default profiles: default
2021-06-03 19:37:25.735  INFO 31073 --- [main] o.s.b.w.embedded.tomcat.TomcatWebServer  : Tomcat initialized with port(s): 9221 (http)
2021-06-03 19:37:25.763  INFO 31073 --- [main] o.apache.catalina.core.StandardService   : Starting service [Tomcat]
2021-06-03 19:37:25.767  INFO 31073 --- [main] org.apache.catalina.core.StandardEngine  : Starting Servlet engine: [Apache Tomcat/9.0.29]
2021-06-03 19:37:25.902  INFO 31073 --- [main] o.a.c.c.C.[Tomcat].[localhost].[/]       : Initializing Spring embedded WebApplicationContext
2021-06-03 19:37:25.903 DEBUG 31073 --- [main] o.s.web.context.ContextLoader            : Published root WebApplicationContext as ServletContext attribute with name [org.springframework.web.context.WebApplicationContext.ROOT]
2021-06-03 19:37:25.904  INFO 31073 --- [main] o.s.web.context.ContextLoader            : Root WebApplicationContext: initialization completed in 3091 ms
2021-06-03 19:37:25.954  INFO 31106 --- [main] o.s.b.w.embedded.tomcat.TomcatWebServer  : Tomcat initialized with port(s): 9221 (http)
2021-06-03 19:37:25.974  INFO 31106 --- [main] o.apache.catalina.core.StandardService   : Starting service [Tomcat]
2021-06-03 19:37:25.974  INFO 31106 --- [main] org.apache.catalina.core.StandardEngine  : Starting Servlet engine: [Apache Tomcat/9.0.29]
2021-06-03 19:37:26.053  INFO 31106 --- [main] o.a.c.c.C.[Tomcat].[localhost].[/]       : Initializing Spring embedded WebApplicationContext
2021-06-03 19:37:26.053 DEBUG 31106 --- [main] o.s.web.context.ContextLoader            : Published root WebApplicationContext as ServletContext attribute with name [org.springframework.web.context.WebApplicationContext.ROOT]
2021-06-03 19:37:26.054  INFO 31106 --- [main] o.s.web.context.ContextLoader            : Root WebApplicationContext: initialization completed in 2761 ms
2021-06-03 19:37:26.164 DEBUG 31073 --- [main] o.s.b.w.s.ServletContextInitializerBeans : Mapping filters: filterRegistrationBean urls=[/*] order=-2147483647, characterEncodingFilter urls=[/*] order=-2147483648, formContentFilter urls=[/*] order=-9900, requestContextFilter urls=[/*] order=-105
2021-06-03 19:37:26.165 DEBUG 31073 --- [main] o.s.b.w.s.ServletContextInitializerBeans : Mapping servlets: dispatcherServlet urls=[/]
2021-06-03 19:37:26.341 DEBUG 31106 --- [main] o.s.b.w.s.ServletContextInitializerBeans : Mapping filters: filterRegistrationBean urls=[/*] order=-2147483647, characterEncodingFilter urls=[/*] order=-2147483648, formContentFilter urls=[/*] order=-9900, requestContextFilter urls=[/*] order=-105
2021-06-03 19:37:26.342 DEBUG 31106 --- [main] o.s.b.w.s.ServletContextInitializerBeans : Mapping servlets: dispatcherServlet urls=[/]
2021-06-03 19:37:27.160 DEBUG 31073 --- [main] s.w.s.m.m.a.RequestMappingHandlerMapping : 19 mappings in 'requestMappingHandlerMapping'
2021-06-03 19:37:27.267  INFO 31073 --- [main] o.s.b.a.e.web.EndpointLinksResolver      : Exposing 2 endpoint(s) beneath base path '/actuator'
2021-06-03 19:37:27.498  INFO 31073 --- [main] pertySourcedRequestMappingHandlerMapping : Mapped URL path [/v2/api-docs] onto method [springfox.documentation.swagger2.web.Swagger2Controller#getDocumentation(String, HttpServletRequest)]
2021-06-03 19:37:27.515 DEBUG 31106 --- [main] s.w.s.m.m.a.RequestMappingHandlerMapping : 19 mappings in 'requestMappingHandlerMapping'
2021-06-03 19:37:27.637  INFO 31106 --- [main] o.s.b.a.e.web.EndpointLinksResolver      : Exposing 2 endpoint(s) beneath base path '/actuator'
2021-06-03 19:37:27.717  INFO 31073 --- [main] o.s.s.concurrent.ThreadPoolTaskExecutor  : Initializing ExecutorService 'applicationTaskExecutor'
2021-06-03 19:37:27.775 DEBUG 31073 --- [main] s.w.s.m.m.a.RequestMappingHandlerAdapter : ControllerAdvice beans: 0 @ModelAttribute, 0 @InitBinder, 1 RequestBodyAdvice, 1 ResponseBodyAdvice
2021-06-03 19:37:27.839  INFO 31106 --- [main] pertySourcedRequestMappingHandlerMapping : Mapped URL path [/v2/api-docs] onto method [springfox.documentation.swagger2.web.Swagger2Controller#getDocumentation(String, HttpServletRequest)]
2021-06-03 19:37:28.020 DEBUG 31073 --- [main] o.s.w.s.handler.SimpleUrlHandlerMapping  : Patterns [/webjars/**, /**] in 'resourceHandlerMapping'
2021-06-03 19:37:28.050 DEBUG 31073 --- [main] .m.m.a.ExceptionHandlerExceptionResolver : ControllerAdvice beans: 1 @ExceptionHandler, 1 ResponseBodyAdvice
2021-06-03 19:37:28.149  INFO 31106 --- [main] o.s.s.concurrent.ThreadPoolTaskExecutor  : Initializing ExecutorService 'applicationTaskExecutor'
2021-06-03 19:37:28.199 DEBUG 31106 --- [main] s.w.s.m.m.a.RequestMappingHandlerAdapter : ControllerAdvice beans: 0 @ModelAttribute, 0 @InitBinder, 1 RequestBodyAdvice, 1 ResponseBodyAdvice
2021-06-03 19:37:28.216  INFO 31073 --- [main] d.s.w.p.DocumentationPluginsBootstrapper : Context refreshed
2021-06-03 19:37:28.270  INFO 31073 --- [main] d.s.w.p.DocumentationPluginsBootstrapper : Found 1 custom documentation plugin(s)
2021-06-03 19:37:28.364  INFO 31073 --- [main] s.d.s.w.s.ApiListingReferenceScanner     : Scanning for api listing references
2021-06-03 19:37:28.441 DEBUG 31106 --- [main] o.s.w.s.handler.SimpleUrlHandlerMapping  : Patterns [/webjars/**, /**] in 'resourceHandlerMapping'
2021-06-03 19:37:28.471 DEBUG 31106 --- [main] .m.m.a.ExceptionHandlerExceptionResolver : ControllerAdvice beans: 1 @ExceptionHandler, 1 ResponseBodyAdvice
2021-06-03 19:37:28.638  INFO 31106 --- [main] d.s.w.p.DocumentationPluginsBootstrapper : Context refreshed
2021-06-03 19:37:28.689  INFO 31106 --- [main] d.s.w.p.DocumentationPluginsBootstrapper : Found 1 custom documentation plugin(s)
2021-06-03 19:37:28.807  INFO 31106 --- [main] s.d.s.w.s.ApiListingReferenceScanner     : Scanning for api listing references
2021-06-03 19:37:29.083  INFO 31073 --- [main] o.s.b.w.embedded.tomcat.TomcatWebServer  : Tomcat started on port(s): 9221 (http) with context path ''
2021-06-03 19:37:29.097  INFO 31073 --- [main] c.h.a.c.CustomScannersServiceApplication : Started CustomScannersServiceApplication in 8.06 seconds (JVM running for 9.391)
2021-06-03 19:37:29.315  INFO 31073 --- [http-nio-9221-exec-1] o.a.c.c.C.[Tomcat].[localhost].[/]       : Initializing Spring DispatcherServlet 'dispatcherServlet'
2021-06-03 19:37:29.319  INFO 31073 --- [http-nio-9221-exec-1] o.s.web.servlet.DispatcherServlet        : Initializing Servlet 'dispatcherServlet'
2021-06-03 19:37:29.320 DEBUG 31073 --- [http-nio-9221-exec-1] o.s.web.servlet.DispatcherServlet        : Detected StandardServletMultipartResolver
2021-06-03 19:37:29.364 DEBUG 31073 --- [http-nio-9221-exec-1] o.s.web.servlet.DispatcherServlet        : enableLoggingRequestDetails='false': request parameters and headers will be masked to prevent unsafe logging of potentially sensitive data
2021-06-03 19:37:29.369  INFO 31073 --- [http-nio-9221-exec-1] o.s.web.servlet.DispatcherServlet        : Completed initialization in 49 ms
2021-06-03 19:37:29.397 DEBUG 31073 --- [http-nio-9221-exec-1] o.s.web.servlet.DispatcherServlet        : GET "/v1/scanRules", parameters={}
2021-06-03 19:37:29.415 DEBUG 31073 --- [http-nio-9221-exec-1] s.w.s.m.m.a.RequestMappingHandlerMapping : Mapped to com.hcl.appscan.customscannersservice.controller.CustomScannersController#getScanRules(String[])
2021-06-03 19:37:29.484 DEBUG 31073 --- [http-nio-9221-exec-1] o.s.w.s.m.m.a.HttpEntityMethodProcessor  : Using 'application/json', given [application/json] and supported [application/json]
2021-06-03 19:37:29.501 DEBUG 31073 --- [http-nio-9221-exec-1] o.s.w.s.m.m.a.HttpEntityMethodProcessor  : Writing [{Golang={com.ouncelabs.languagelite.golang.rules.CommMisconfig=CustomScannersServiceScanRule{ruleNam (truncated)...]
2021-06-03 19:37:29.522  INFO 31106 --- [main] o.apache.catalina.core.StandardService   : Stopping service [Tomcat]
2021-06-03 19:37:29.550  INFO 31106 --- [main] ConditionEvaluationReportLoggingListener : 

Error starting ApplicationContext. To display the conditions report re-run your application with 'debug' enabled.
2021-06-03 19:37:29.556 ERROR 31106 --- [main] o.s.b.d.LoggingFailureAnalysisReporter   : 

***************************
APPLICATION FAILED TO START
***************************

Description:

Web server failed to start. Port 9221 was already in use.

Action:

Identify and stop the process that's listening on port 9221 or configure this application to listen on another port.

2021-06-03 19:37:29.561  INFO 31106 --- [main] o.s.s.concurrent.ThreadPoolTaskExecutor  : Shutting down ExecutorService 'applicationTaskExecutor'
2021-06-03 19:37:29.579 DEBUG 31073 --- [http-nio-9221-exec-1] o.s.web.servlet.DispatcherServlet        : Completed 200 OK
